<?xml version="1.0" encoding="UTF-8"?>
<!-- Generated by org.testng.reporters.JUnitXMLReporter -->
<testsuite ignored="0" hostname="DESKTOP-KMT84M5" failures="0" tests="13" name="Accounts page Test" time="192.891" errors="0" timestamp="17 Oct 2022 12:40:08 GMT">
  <testcase classname="com.qa.opencart.Test.AccountsPageTest" name="accPagetitleTest" time="0.028"/>
  <testcase classname="com.qa.opencart.Test.AccountsPageTest" name="accPageUrlTest" time="0.04"/>
  <testcase classname="com.qa.opencart.Test.AccountsPageTest" name="searchExistTest" time="0.952"/>
  <testcase classname="com.qa.opencart.Test.AccountsPageTest" name="logOutLinkExistTest" time="0.815"/>
  <testcase classname="com.qa.opencart.Test.AccountsPageTest" name="accPageHeadersTest" time="0.302"/>
  <testcase classname="com.qa.opencart.Test.AccountsPageTest" name="searchCheckTest" time="3.636"/>
  <testcase classname="com.qa.opencart.Test.AccountsPageTest" name="searchCheckTest" time="3.832"/>
  <testcase classname="com.qa.opencart.Test.AccountsPageTest" name="searchCheckTest" time="4.79"/>
  <testcase classname="com.qa.opencart.Test.AccountsPageTest" name="searchTest" time="40.182"/>
  <testcase classname="com.qa.opencart.Test.AccountsPageTest" name="searchTest" time="12.093"/>
  <testcase classname="com.qa.opencart.Test.AccountsPageTest" name="searchTest" time="11.956"/>
  <testcase classname="com.qa.opencart.Test.AccountsPageTest" name="searchTest" time="13.747"/>
  <testcase classname="com.qa.opencart.Test.AccountsPageTest" name="searchTest" time="19.718"/>
</testsuite> <!-- Accounts page Test -->
