<?xml version="1.0" encoding="UTF-8"?>
<!-- Generated by org.testng.reporters.JUnitXMLReporter -->
<testsuite ignored="0" hostname="DESKTOP-KMT84M5" failures="0" tests="4" name="Login page Test" time="29.958" errors="0" timestamp="18 Oct 2022 09:43:58 GMT">
  <testcase classname="com.qa.opencart.Test.LoginPageTest" name="loginPageTitletest" time="0.355"/>
  <testcase classname="com.qa.opencart.Test.LoginPageTest" name="loginPageUrlTest" time="0.044"/>
  <testcase classname="com.qa.opencart.Test.LoginPageTest" name="isForgotPwdLinkExistTest" time="1.205"/>
  <testcase classname="com.qa.opencart.Test.LoginPageTest" name="loginTest" time="4.177"/>
</testsuite> <!-- Login page Test -->
