<?xml version="1.0" encoding="UTF-8"?>
<!-- Generated by org.testng.reporters.JUnitXMLReporter -->
<testsuite ignored="0" hostname="DESKTOP-KMT84M5" failures="0" tests="4" name="Login Test" time="38.672" errors="0" timestamp="06 Oct 2022 11:17:11 GMT">
  <testcase classname="com.qa.opencart.Test.LoginPageTest" name="loginPageTitletest" time="0.358"/>
  <testcase classname="com.qa.opencart.Test.LoginPageTest" name="loginPageUrlTest" time="0.023"/>
  <testcase classname="com.qa.opencart.Test.LoginPageTest" name="isForgotPwdLinkExistTest" time="0.569"/>
  <testcase classname="com.qa.opencart.Test.LoginPageTest" name="loginTest" time="5.883"/>
</testsuite> <!-- Login Test -->
