<?xml version="1.0" encoding="UTF-8"?>
<!-- Generated by org.testng.reporters.JUnitXMLReporter -->
<testsuite ignored="3" hostname="DESKTOP-KMT84M5" failures="0" tests="1" name="Login page Test(failed)" time="41.983" errors="0" timestamp="18 Oct 2022 07:35:51 GMT">
  <testcase classname="com.qa.opencart.Test.LoginPageTest" name="loginPageTitletest" time="2.733"/>
  <testcase classname="com.qa.opencart.Test.LoginPageTest" name="loginTest" time="0.0">
    <ignored/>
  </testcase> <!-- loginTest -->
  <testcase classname="com.qa.opencart.Test.LoginPageTest" name="loginPageUrlTest" time="0.0">
    <ignored/>
  </testcase> <!-- loginPageUrlTest -->
  <testcase classname="com.qa.opencart.Test.LoginPageTest" name="isForgotPwdLinkExistTest" time="0.0">
    <ignored/>
  </testcase> <!-- isForgotPwdLinkExistTest -->
</testsuite> <!-- Login page Test(failed) -->
